<?xml version="1.0" encoding="UTF-8"?>
<!-- Generated by org.testng.reporters.JUnitReportReporter -->
<testsuite hostname="Samreen-Adils-MacBook-Air.local" failures="0" tests="3" name="com.qa.hubspot.tests.LoginPageTest" time="6.698" errors="0" timestamp="21 Jul 2020 19:35:04 GMT" skipped="0">
  <testcase classname="com.qa.hubspot.tests.LoginPageTest" name="verifySignUpLinkPresenceTest" time="5.278"/>
  <testcase classname="com.qa.hubspot.tests.LoginPageTest" name="verifyLoginPageTitleTest" time="0.102"/>
  <testcase classname="com.qa.hubspot.tests.LoginPageTest" name="verifyLoginValidCredentialsTest" time="1.318"/>
</testsuite> <!-- com.qa.hubspot.tests.LoginPageTest -->
