<?xml version="1.0" encoding="UTF-8"?>
<!-- Generated by org.testng.reporters.JUnitReportReporter -->
<testsuite hostname="Samreen-Adils-MacBook-Air.local" failures="0" tests="3" name="com.qa.hubspot.tests.LoginPageTestWithBeforeMethod" time="48.025" errors="0" timestamp="15 Jul 2020 23:42:08 GMT" skipped="0">
  <testcase classname="com.qa.hubspot.tests.LoginPageTestWithBeforeMethod" name="verifySignUpLinkPresenceTest" time="17.220"/>
  <testcase classname="com.qa.hubspot.tests.LoginPageTestWithBeforeMethod" name="verifyLoginPageTitleTest" time="14.237"/>
  <testcase classname="com.qa.hubspot.tests.LoginPageTestWithBeforeMethod" name="verifyLoginValidCredentialsTest" time="16.568"/>
</testsuite> <!-- com.qa.hubspot.tests.LoginPageTestWithBeforeMethod -->
