<?xml version="1.0" encoding="UTF-8"?>
<!-- Generated by org.testng.reporters.JUnitReportReporter -->
<testsuite hostname="Samreen-Adils-MacBook-Air.local" failures="0" tests="3" name="com.qa.hubspot.tests.LoginPageTest" time="8.064" errors="0" timestamp="23 Jul 2020 16:03:26 GMT" skipped="0">
  <testcase classname="com.qa.hubspot.tests.LoginPageTest" name="verifySignUpLinkPresenceTest" time="6.926"/>
  <testcase classname="com.qa.hubspot.tests.LoginPageTest" name="verifyLoginPageTitleTest" time="0.092"/>
  <testcase classname="com.qa.hubspot.tests.LoginPageTest" name="verifyLoginValidCredentialsTest" time="1.046"/>
</testsuite> <!-- com.qa.hubspot.tests.LoginPageTest -->
